<?xml version="1.0" encoding="UTF-8"?>
<!-- Generated by org.testng.reporters.JUnitXMLReporter -->
<testsuite ignored="0" hostname="LAPTOP-1KS87JTI" failures="0" tests="3" name="Test" time="9.68" errors="0" timestamp="2025-07-31T11:09:14 IST">
  <testcase classname="producttest.Example1Test" name="orderProducts_1" time="0.027"/>
  <testcase classname="producttest.Example1Test" name="orderProducts_2" time="0.003"/>
  <testcase classname="producttest.Example1Test" name="orderProducts" time="2.114"/>
</testsuite> <!-- Test -->
