<?xml version="1.0" encoding="UTF-8"?>
<testng-results ignored="0" total="3" passed="3" failed="0" skipped="0">
  <reporter-output>
    <line>
      <![CDATA[Browser setup is done]]>
    </line>
    <line>
      <![CDATA[Login successfully]]>
    </line>
    <line>
      <![CDATA[Logout is done]]>
    </line>
    <line>
      <![CDATA[Login successfully]]>
    </line>
    <line>
      <![CDATA[Logout is done]]>
    </line>
    <line>
      <![CDATA[Login successfully]]>
    </line>
    <line>
      <![CDATA[Sree]]>
    </line>
    <line>
      <![CDATA[Sree]]>
    </line>
    <line>
      <![CDATA[Navya]]>
    </line>
    <line>
      <![CDATA[ 500001]]>
    </line>
    <line>
      <![CDATA[Logout is done]]>
    </line>
  </reporter-output>
  <suite started-at="2025-07-31T11:09:05 IST" name="RegressionSuite" finished-at="2025-07-31T11:09:14 IST" duration-ms="9680">
    <groups>
      <group name="RT">
        <method signature="Example1Test.orderProducts(java.lang.String,java.lang.String,java.lang.String)[pri:1, instance:producttest.Example1Test@233795b6]" name="orderProducts" class="producttest.Example1Test"/>
      </group> <!-- RT -->
    </groups>
    <test started-at="2025-07-31T11:09:05 IST" name="Test" finished-at="2025-07-31T11:09:14 IST" duration-ms="9680">
      <class name="producttest.Example1Test">
        <test-method is-config="true" signature="ReportSetup()[pri:0, instance:producttest.Example1Test@233795b6]" started-at="2025-07-31T11:09:05 IST" name="ReportSetup" finished-at="2025-07-31T11:09:05 IST" duration-ms="311" status="PASS">
          <reporter-output>
          </reporter-output>
        </test-method> <!-- ReportSetup -->
        <test-method is-config="true" signature="browserSetup(java.lang.String)[pri:0, instance:producttest.Example1Test@233795b6]" started-at="2025-07-31T11:09:05 IST" name="browserSetup" finished-at="2025-07-31T11:09:08 IST" duration-ms="3282" status="PASS">
          <params>
            <param index="0">
              <value>
                <![CDATA[chrome]]>
              </value>
            </param>
          </params>
          <reporter-output>
            <line>
              <![CDATA[Browser setup is done]]>
            </line>
          </reporter-output>
        </test-method> <!-- browserSetup -->
        <test-method is-config="true" signature="LogIn()[pri:0, instance:producttest.Example1Test@233795b6]" started-at="2025-07-31T11:09:08 IST" name="LogIn" finished-at="2025-07-31T11:09:09 IST" duration-ms="508" status="PASS">
          <reporter-output>
            <line>
              <![CDATA[Login successfully]]>
            </line>
          </reporter-output>
        </test-method> <!-- LogIn -->
        <test-method signature="orderProducts_1()[pri:0, instance:producttest.Example1Test@233795b6]" started-at="2025-07-31T11:09:09 IST" name="orderProducts_1" finished-at="2025-07-31T11:09:09 IST" duration-ms="27" status="PASS">
          <reporter-output>
          </reporter-output>
        </test-method> <!-- orderProducts_1 -->
        <test-method is-config="true" signature="Logout()[pri:0, instance:producttest.Example1Test@233795b6]" started-at="2025-07-31T11:09:09 IST" name="Logout" finished-at="2025-07-31T11:09:09 IST" duration-ms="316" status="PASS">
          <reporter-output>
            <line>
              <![CDATA[Logout is done]]>
            </line>
          </reporter-output>
        </test-method> <!-- Logout -->
        <test-method is-config="true" signature="LogIn()[pri:0, instance:producttest.Example1Test@233795b6]" started-at="2025-07-31T11:09:09 IST" name="LogIn" finished-at="2025-07-31T11:09:10 IST" duration-ms="371" status="PASS">
          <reporter-output>
            <line>
              <![CDATA[Login successfully]]>
            </line>
          </reporter-output>
        </test-method> <!-- LogIn -->
        <test-method signature="orderProducts_2()[pri:0, instance:producttest.Example1Test@233795b6]" started-at="2025-07-31T11:09:10 IST" name="orderProducts_2" finished-at="2025-07-31T11:09:10 IST" duration-ms="3" status="PASS">
          <reporter-output>
          </reporter-output>
        </test-method> <!-- orderProducts_2 -->
        <test-method is-config="true" signature="Logout()[pri:0, instance:producttest.Example1Test@233795b6]" started-at="2025-07-31T11:09:10 IST" name="Logout" finished-at="2025-07-31T11:09:10 IST" duration-ms="281" status="PASS">
          <reporter-output>
            <line>
              <![CDATA[Logout is done]]>
            </line>
          </reporter-output>
        </test-method> <!-- Logout -->
        <test-method is-config="true" signature="LogIn()[pri:0, instance:producttest.Example1Test@233795b6]" started-at="2025-07-31T11:09:11 IST" name="LogIn" finished-at="2025-07-31T11:09:11 IST" duration-ms="346" status="PASS">
          <reporter-output>
            <line>
              <![CDATA[Login successfully]]>
            </line>
          </reporter-output>
        </test-method> <!-- LogIn -->
        <test-method signature="orderProducts(java.lang.String,java.lang.String,java.lang.String)[pri:1, instance:producttest.Example1Test@233795b6]" started-at="2025-07-31T11:09:11 IST" name="orderProducts" data-provider="CheckoutInfo" finished-at="2025-07-31T11:09:13 IST" duration-ms="2114" status="PASS">
          <params>
            <param index="0">
              <value>
                <![CDATA[Sree]]>
              </value>
            </param>
            <param index="1">
              <value>
                <![CDATA[Navya]]>
              </value>
            </param>
            <param index="2">
              <value>
                <![CDATA[ 500001]]>
              </value>
            </param>
          </params>
          <reporter-output>
            <line>
              <![CDATA[Sree]]>
            </line>
            <line>
              <![CDATA[Sree]]>
            </line>
            <line>
              <![CDATA[Navya]]>
            </line>
            <line>
              <![CDATA[ 500001]]>
            </line>
          </reporter-output>
        </test-method> <!-- orderProducts -->
        <test-method is-config="true" signature="Logout()[pri:0, instance:producttest.Example1Test@233795b6]" started-at="2025-07-31T11:09:13 IST" name="Logout" finished-at="2025-07-31T11:09:14 IST" duration-ms="251" status="PASS">
          <reporter-output>
            <line>
              <![CDATA[Logout is done]]>
            </line>
          </reporter-output>
        </test-method> <!-- Logout -->
        <test-method is-config="true" signature="broserTerminate()[pri:0, instance:producttest.Example1Test@233795b6]" started-at="2025-07-31T11:09:14 IST" name="broserTerminate" finished-at="2025-07-31T11:09:14 IST" duration-ms="254" status="PASS">
          <reporter-output>
          </reporter-output>
        </test-method> <!-- broserTerminate -->
        <test-method is-config="true" signature="ReportTerminate()[pri:0, instance:producttest.Example1Test@233795b6]" started-at="2025-07-31T11:09:14 IST" name="ReportTerminate" finished-at="2025-07-31T11:09:14 IST" duration-ms="479" status="PASS">
          <reporter-output>
          </reporter-output>
        </test-method> <!-- ReportTerminate -->
      </class> <!-- producttest.Example1Test -->
    </test> <!-- Test -->
  </suite> <!-- RegressionSuite -->
</testng-results>
